<?xml version="1.0" encoding="UTF-8"?>
<!-- Generated by org.testng.reporters.JUnitReportReporter -->
<testsuite skipped="0" hostname="DESKTOP-SE29K3A" name="org.testing.TestScripts.TC7" tests="1" failures="0" timestamp="07 Mar 2021 14:45:49 GMT" time="49.578" errors="0">
  <testcase name="tc" time="49.578" classname="org.testing.TestScripts.TC7"/>
</testsuite> <!-- org.testing.TestScripts.TC7 -->
