<?xml version="1.0" encoding="UTF-8"?>
<!-- Generated by org.testng.reporters.JUnitReportReporter -->
<testsuite skipped="0" hostname="DESKTOP-SE29K3A" name="org.testing.TestScripts.TC5" tests="1" failures="0" timestamp="03 Apr 2021 12:57:59 GMT" time="51.710" errors="0">
  <testcase name="tc" time="51.710" classname="org.testing.TestScripts.TC5"/>
</testsuite> <!-- org.testing.TestScripts.TC5 -->
