<?xml version="1.0" encoding="UTF-8"?>
<!-- Generated by org.testng.reporters.JUnitReportReporter -->
<testsuite skipped="0" hostname="DESKTOP-SE29K3A" name="org.testing.TestScripts.TC4" tests="1" failures="0" timestamp="03 Apr 2021 12:20:10 GMT" time="48.514" errors="0">
  <testcase name="tc" time="48.514" classname="org.testing.TestScripts.TC4"/>
</testsuite> <!-- org.testing.TestScripts.TC4 -->
