<?xml version="1.0" encoding="UTF-8"?>
<!-- Generated by org.testng.reporters.JUnitReportReporter -->
<testsuite skipped="0" hostname="DESKTOP-SE29K3A" name="org.testing.TestScripts.TC3" tests="1" failures="0" timestamp="03 Apr 2021 11:51:17 GMT" time="40.240" errors="0">
  <testcase name="tc" time="40.240" classname="org.testing.TestScripts.TC3"/>
</testsuite> <!-- org.testing.TestScripts.TC3 -->
